<?xml version="1.0" encoding="UTF-8"?>
<!-- Generated by org.testng.reporters.JUnitXMLReporter -->
<testsuite ignored="0" hostname="THAMU" failures="0" tests="4" name="login" time="0.134" errors="0" timestamp="2023-03-20T12:09:10 IST">
  <testcase classname="TestNG.NewTest" name="firsttest" time="0.012"/>
  <testcase classname="TestNG.NewTest" name="secondtest" time="0.002"/>
  <testcase classname="TestNG.NewTest" name="thirdtest" time="0.001"/>
  <testcase classname="TestNG.NewTest" name="fourthtest" time="0.002"/>
</testsuite> <!-- login -->
