<?xml version="1.0" encoding="UTF-8"?>
<!-- Generated by org.testng.reporters.JUnitXMLReporter -->
<testsuite ignored="0" hostname="THAMU" failures="0" tests="3" name="bestseller" time="1.316" errors="0" timestamp="2023-03-21T12:04:44 IST">
  <testcase classname="TestNG.Parameterslogin" name="@BeforeTest InitialBrower" time="0.441">
    <failure type="java.lang.NullPointerException" message="Cannot invoke &amp;quot;org.openqa.selenium.WebDriver.manage()&amp;quot; because &amp;quot;this.driver&amp;quot; is null">
      <![CDATA[java.lang.NullPointerException: Cannot invoke "org.openqa.selenium.WebDriver.manage()" because "this.driver" is null
at TestNG.Parameterslogin.InitialBrower(Parameterslogin.java:35)
... Removed 24 stack frames]]>
    </failure>
  </testcase> <!-- @BeforeTest InitialBrower -->
  <testcase classname="TestNG.Parameterslogin" name="Launchapp" time="0.0">
    <skipped/>
  </testcase> <!-- Launchapp -->
  <testcase classname="TestNG.Parameterslogin" name="EnterloginDetails" time="0.0">
    <skipped/>
  </testcase> <!-- EnterloginDetails -->
  <testcase classname="TestNG.Parameterslogin" name="customerservice" time="0.0">
    <skipped/>
  </testcase> <!-- customerservice -->
</testsuite> <!-- bestseller -->
