<?xml version="1.0" encoding="UTF-8"?>
<!-- Generated by org.testng.reporters.JUnitXMLReporter -->
<testsuite ignored="3" hostname="THAMU" failures="1" tests="1" name="calculateEMI" time="24.06" errors="0" timestamp="2023-04-06T17:01:29 IST">
  <testcase classname="TestNG.ExtentReports.TestClass" name="calculateEMI" time="18.776">
    <failure type="java.lang.AssertionError" message="expected [92,439] but found [93,672]">
      <![CDATA[java.lang.AssertionError: expected [92,439] but found [93,672]
at TestNG.ExtentReports.TestClass.calculateEMI(TestClass.java:106)
at java.base/java.util.ArrayList.forEach(ArrayList.java:1511)
... Removed 33 stack frames]]>
    </failure>
  </testcase> <!-- calculateEMI -->
  <testcase classname="TestNG.ExtentReports.TestClass" name="TestGoogle" time="0.0">
    <ignored/>
  </testcase> <!-- TestGoogle -->
  <testcase classname="TestNG.ExtentReports.TestClass" name="TestAmazon" time="0.0">
    <ignored/>
  </testcase> <!-- TestAmazon -->
  <testcase classname="TestNG.ExtentReports.TestClass" name="TestFacebook" time="0.0">
    <ignored/>
  </testcase> <!-- TestFacebook -->
</testsuite> <!-- calculateEMI -->
