<?xml version="1.0" encoding="UTF-8"?>
<!-- Generated by org.testng.reporters.JUnitXMLReporter -->
<testsuite ignored="0" hostname="THAMU" failures="0" tests="3" name="customerservice" time="129.445" errors="0" timestamp="2023-07-26T19:10:42 IST">
  <testcase classname="TestNG.Parameterslogin" name="Launchapp" time="41.479"/>
  <testcase classname="TestNG.Parameterslogin" name="EnterloginDetails" time="17.489"/>
  <testcase classname="TestNG.Parameterslogin" name="customerservice" time="9.398"/>
</testsuite> <!-- customerservice -->
