<?xml version="1.0" encoding="UTF-8"?>
<!-- Generated by org.testng.reporters.JUnitXMLReporter -->
<testsuite ignored="4" hostname="THAMU" failures="0" tests="0" time="3.25" errors="0" timestamp="2023-04-06T17:01:05 IST">
  <testcase classname="TestNG.ExtentReports.TestClass" name="calculateEMI" time="0.0">
    <ignored/>
  </testcase> <!-- calculateEMI -->
  <testcase classname="TestNG.ExtentReports.TestClass" name="TestGoogle" time="0.0">
    <ignored/>
  </testcase> <!-- TestGoogle -->
  <testcase classname="TestNG.ExtentReports.TestClass" name="TestAmazon" time="0.0">
    <ignored/>
  </testcase> <!-- TestAmazon -->
  <testcase classname="TestNG.ExtentReports.TestClass" name="TestFacebook" time="0.0">
    <ignored/>
  </testcase> <!-- TestFacebook -->
</testsuite>
