<?xml version="1.0" encoding="UTF-8"?>
<!-- Generated by org.testng.reporters.JUnitXMLReporter -->
<testsuite ignored="0" hostname="THAMU" failures="0" tests="2" name="fireFoxTest" time="0.025" errors="0" timestamp="2023-06-15T11:52:51 IST">
  <testcase classname="CrossBrowserTesting.BrowserTesting" name="@BeforeTest beforeTest" time="0.0">
    <failure type="java.lang.NullPointerException" message="Cannot invoke &amp;quot;org.openqa.selenium.WebDriver.manage()&amp;quot; because &amp;quot;this.driver&amp;quot; is null">
      <![CDATA[java.lang.NullPointerException: Cannot invoke "org.openqa.selenium.WebDriver.manage()" because "this.driver" is null
at CrossBrowserTesting.BrowserTesting.beforeTest(BrowserTesting.java:33)
... Removed 24 stack frames]]>
    </failure>
  </testcase> <!-- @BeforeTest beforeTest -->
  <testcase classname="CrossBrowserTesting.BrowserTesting" name="@AfterTest afterTest" time="-1.686810171959E9">
    <skipped/>
  </testcase> <!-- @AfterTest afterTest -->
  <testcase classname="CrossBrowserTesting.BrowserTesting" name="launchapp" time="0.0">
    <skipped/>
  </testcase> <!-- launchapp -->
  <testcase classname="CrossBrowserTesting.BrowserTesting" name="search" time="0.0">
    <skipped/>
  </testcase> <!-- search -->
</testsuite> <!-- fireFoxTest -->
