<?xml version="1.0" encoding="UTF-8"?>
<!-- Generated by org.testng.reporters.JUnitXMLReporter -->
<testsuite ignored="1" hostname="THAMU" failures="0" tests="2" name="parameter" time="168.787" errors="0" timestamp="2023-07-26T19:08:32 IST">
  <testcase classname="TestNG.Parameterslogin" name="Launchapp" time="13.96"/>
  <testcase classname="TestNG.Parameterslogin" name="EnterloginDetails" time="32.505"/>
  <testcase classname="TestNG.Parameterslogin" name="customerservice" time="0.0">
    <ignored/>
  </testcase> <!-- customerservice -->
</testsuite> <!-- parameter -->
