<?xml version="1.0" encoding="UTF-8"?>
<!-- Generated by org.testng.reporters.JUnitXMLReporter -->
<testsuite ignored="1" hostname="THAMU" failures="0" tests="2" name="parameterlogin" time="20.326" errors="0" timestamp="2023-03-21T12:14:20 IST">
  <testcase classname="TestNG.Parameterslogin" name="Launchapp" time="10.535"/>
  <testcase classname="TestNG.Parameterslogin" name="EnterloginDetails" time="6.623"/>
  <testcase classname="TestNG.Parameterslogin" name="customerservice" time="0.0">
    <ignored/>
  </testcase> <!-- customerservice -->
</testsuite> <!-- parameterlogin -->
