<?xml version="1.0" encoding="UTF-8"?>
<!-- Generated by org.testng.reporters.JUnitXMLReporter -->
<testsuite ignored="1" hostname="THAMU" failures="0" tests="1" name="Test1" time="98.101" errors="0" timestamp="2023-07-31T19:41:59 IST">
  <testcase classname="TestNG.ExtentReports.BaseTest" name="@BeforeTest setup" time="98.041">
    <failure type="java.lang.NullPointerException" message="Cannot invoke &amp;quot;String.replaceAll(String, String)&amp;quot; because &amp;quot;x&amp;quot; is null">
      <![CDATA[java.lang.NullPointerException: Cannot invoke "String.replaceAll(String, String)" because "x" is null
at com.aventstack.extentreports.ExtentTest.lambda$assignAuthor$1(ExtentTest.java:1041)
at java.base/java.util.Spliterators$ArraySpliterator.forEachRemaining(Spliterators.java:992)
at java.base/java.util.stream.ReferencePipeline$Head.forEach(ReferencePipeline.java:762)
at com.aventstack.extentreports.ExtentTest.assignAuthor(ExtentTest.java:1040)
at TestNG.ExtentReports.BaseTest.setup(BaseTest.java:63)
... Removed 22 stack frames]]>
    </failure>
  </testcase> <!-- @BeforeTest setup -->
  <testcase classname="TestNG.ExtentReports.BaseTest" name="@AfterMethod CheckStatus" time="-1.690812719586E9">
    <skipped/>
  </testcase> <!-- @AfterMethod CheckStatus -->
  <testcase classname="TestNG.ExtentReports.BaseTest" name="@AfterTest teardown" time="-1.690812719595E9">
    <skipped/>
  </testcase> <!-- @AfterTest teardown -->
  <testcase classname="TestNG.ExtentReports.TestClass" name="TestGoogle" time="0.0">
    <skipped/>
  </testcase> <!-- TestGoogle -->
  <testcase classname="TestNG.ExtentReports.TestClass" name="calculateEMI" time="0.0">
    <ignored/>
  </testcase> <!-- calculateEMI -->
</testsuite> <!-- Test1 -->
