<?xml version="1.0" encoding="UTF-8"?>
<!-- Generated by org.testng.reporters.JUnitXMLReporter -->
<testsuite ignored="0" hostname="THAMU" failures="0" tests="2" name="Test" time="108.436" errors="0" timestamp="2023-07-24T15:04:35 IST">
  <testcase classname="TestNG.ExtentReports.BaseTest" name="@BeforeTest setup" time="108.312">
    <failure type="java.lang.NullPointerException" message="Cannot invoke &amp;quot;String.replaceAll(String, String)&amp;quot; because &amp;quot;x&amp;quot; is null">
      <![CDATA[java.lang.NullPointerException: Cannot invoke "String.replaceAll(String, String)" because "x" is null
at com.aventstack.extentreports.ExtentTest.lambda$assignAuthor$1(ExtentTest.java:1041)
at java.base/java.util.Spliterators$ArraySpliterator.forEachRemaining(Spliterators.java:992)
at java.base/java.util.stream.ReferencePipeline$Head.forEach(ReferencePipeline.java:762)
at com.aventstack.extentreports.ExtentTest.assignAuthor(ExtentTest.java:1040)
at TestNG.ExtentReports.BaseTest.setup(BaseTest.java:63)
... Removed 22 stack frames]]>
    </failure>
  </testcase> <!-- @BeforeTest setup -->
  <testcase classname="TestNG.ExtentReports.BaseTest" name="@AfterMethod CheckStatus" time="-1.690191275746E9">
    <skipped/>
  </testcase> <!-- @AfterMethod CheckStatus -->
  <testcase classname="TestNG.ExtentReports.BaseTest" name="@AfterMethod CheckStatus" time="-1.690191275757E9">
    <skipped/>
  </testcase> <!-- @AfterMethod CheckStatus -->
  <testcase classname="TestNG.ExtentReports.BaseTest" name="@AfterTest teardown" time="-1.690191275766E9">
    <skipped/>
  </testcase> <!-- @AfterTest teardown -->
  <testcase classname="TestNG.ExtentReports.TestClass" name="TestGoogle" time="0.0">
    <skipped/>
  </testcase> <!-- TestGoogle -->
  <testcase classname="TestNG.ExtentReports.TestClass" name="calculateEMI" time="0.0">
    <skipped/>
  </testcase> <!-- calculateEMI -->
</testsuite> <!-- Test -->
