<?xml version="1.0" encoding="UTF-8"?>
<!-- Generated by org.testng.reporters.JUnitXMLReporter -->
<testsuite ignored="3" hostname="THAMU" failures="0" tests="1" name="TestGoogle" time="26.809" errors="0" timestamp="2023-04-06T17:00:35 IST">
  <testcase classname="TestNG.ExtentReports.TestClass" name="TestGoogle" time="22.32"/>
  <testcase classname="TestNG.ExtentReports.TestClass" name="calculateEMI" time="0.0">
    <ignored/>
  </testcase> <!-- calculateEMI -->
  <testcase classname="TestNG.ExtentReports.TestClass" name="TestAmazon" time="0.0">
    <ignored/>
  </testcase> <!-- TestAmazon -->
  <testcase classname="TestNG.ExtentReports.TestClass" name="TestFacebook" time="0.0">
    <ignored/>
  </testcase> <!-- TestFacebook -->
</testsuite> <!-- TestGoogle -->
