<?xml version="1.0" encoding="UTF-8"?>
<testng-results ignored="0" total="1" passed="1" failed="0" skipped="0">
  <reporter-output>
  </reporter-output>
  <suite started-at="2023-08-25T13:08:34 IST" name="Default suite" finished-at="2023-08-25T13:12:07 IST" duration-ms="213774">
    <groups>
    </groups>
    <test started-at="2023-08-25T13:08:34 IST" name="Default test" finished-at="2023-08-25T13:12:07 IST" duration-ms="213774">
      <class name="Brokenlinks.BrokenLink">
        <test-method signature="brokenLinkTest()[pri:0, instance:Brokenlinks.BrokenLink@1972e513]" started-at="2023-08-25T13:08:34 IST" name="brokenLinkTest" finished-at="2023-08-25T13:12:07 IST" duration-ms="213712" status="PASS">
          <reporter-output>
          </reporter-output>
        </test-method> <!-- brokenLinkTest -->
      </class> <!-- Brokenlinks.BrokenLink -->
    </test> <!-- Default test -->
  </suite> <!-- Default suite -->
</testng-results>
